<?xml version="1.0" encoding="UTF-8"?>
<testng-results skipped="0" failed="0" ignored="0" total="2" passed="2">
  <reporter-output>
  </reporter-output>
  <suite name="Default suite" duration-ms="6880" started-at="2017-09-25T19:10:44Z" finished-at="2017-09-25T19:10:51Z">
    <groups>
    </groups>
    <test name="Default test" duration-ms="6880" started-at="2017-09-25T19:10:44Z" finished-at="2017-09-25T19:10:51Z">
      <class name="com.practice.google.GoogleTest">
        <test-method status="PASS" signature="setUp()[pri:0, instance:com.practice.google.GoogleTest@548e7350]" name="setUp" is-config="true" duration-ms="7728" started-at="2017-09-25T15:10:36Z" finished-at="2017-09-25T15:10:44Z">
          <reporter-output>
          </reporter-output>
        </test-method> <!-- setUp -->
        <test-method status="PASS" signature="getToAccountForm()[pri:0, instance:com.practice.google.GoogleTest@548e7350]" name="getToAccountForm" duration-ms="6716" started-at="2017-09-25T15:10:44Z" finished-at="2017-09-25T15:10:51Z">
          <reporter-output>
          </reporter-output>
        </test-method> <!-- getToAccountForm -->
        <test-method status="PASS" signature="verifyForm()[pri:1, instance:com.practice.google.GoogleTest@548e7350]" name="verifyForm" duration-ms="112" started-at="2017-09-25T15:10:51Z" finished-at="2017-09-25T15:10:51Z">
          <reporter-output>
          </reporter-output>
        </test-method> <!-- verifyForm -->
        <test-method status="PASS" signature="closeBrowser()[pri:0, instance:com.practice.google.GoogleTest@548e7350]" name="closeBrowser" is-config="true" duration-ms="955" started-at="2017-09-25T15:10:51Z" finished-at="2017-09-25T15:10:52Z">
          <reporter-output>
          </reporter-output>
        </test-method> <!-- closeBrowser -->
      </class> <!-- com.practice.google.GoogleTest -->
    </test> <!-- Default test -->
  </suite> <!-- Default suite -->
</testng-results>
